-------------------------------------------------------------------------------
Test set: org.ejemplo.microservicios.core.IntegrationTest
-------------------------------------------------------------------------------
Tests run: 1, Failures: 0, Errors: 1, Skipped: 0, Time elapsed: 6.244 s <<< FAILURE! - in org.ejemplo.microservicios.core.IntegrationTest
getOrders(org.ejemplo.microservicios.core.IntegrationTest)  Time elapsed: 0.002 s  <<< ERROR!
java.lang.IllegalStateException: Failed to load ApplicationContext
Caused by: org.springframework.beans.factory.UnsatisfiedDependencyException: Error creating bean with name 'cuentasController' defined in file [C:\Proyectos\eclipse-workspace\ejemplo-microservicios\ejemplo-microservicios-core\target\classes\org\ejemplo\microservicios\core\controller\CuentasController.class]: Unsatisfied dependency expressed through constructor parameter 0; nested exception is org.springframework.beans.factory.UnsatisfiedDependencyException: Error creating bean with name 'cuentasServiceImpl' defined in file [C:\Proyectos\eclipse-workspace\ejemplo-microservicios\ejemplo-microservicios-core\target\classes\org\ejemplo\microservicios\core\service\CuentasServiceImpl.class]: Unsatisfied dependency expressed through constructor parameter 0; nested exception is org.springframework.beans.factory.BeanCreationException: Error creating bean with name 'cuentasRepository': Invocation of init method failed; nested exception is java.lang.IllegalArgumentException: Not a managed type: class org.ejemplo.microservicios.model.entity.Cuenta
Caused by: org.springframework.beans.factory.UnsatisfiedDependencyException: Error creating bean with name 'cuentasServiceImpl' defined in file [C:\Proyectos\eclipse-workspace\ejemplo-microservicios\ejemplo-microservicios-core\target\classes\org\ejemplo\microservicios\core\service\CuentasServiceImpl.class]: Unsatisfied dependency expressed through constructor parameter 0; nested exception is org.springframework.beans.factory.BeanCreationException: Error creating bean with name 'cuentasRepository': Invocation of init method failed; nested exception is java.lang.IllegalArgumentException: Not a managed type: class org.ejemplo.microservicios.model.entity.Cuenta
Caused by: org.springframework.beans.factory.BeanCreationException: Error creating bean with name 'cuentasRepository': Invocation of init method failed; nested exception is java.lang.IllegalArgumentException: Not a managed type: class org.ejemplo.microservicios.model.entity.Cuenta
Caused by: java.lang.IllegalArgumentException: Not a managed type: class org.ejemplo.microservicios.model.entity.Cuenta

